RUN	simulations.Challenge	challenge	1635742114149	 	3.6.1
USER	Full Journey Script	START	1635742120004
USER	Full Journey Script	START	1635742120001
USER	Full Journey Script	START	1635742119999
USER	Full Journey Script	START	1635742120001
USER	Full Journey Script	START	1635742119999
USER	Full Journey Script	START	1635742120001
USER	Full Journey Script	START	1635742120001
USER	Full Journey Script	START	1635742120001
USER	Full Journey Script	START	1635742119999
USER	Full Journey Script	START	1635742120001
USER	Full Journey Script	START	1635742119999
USER	Full Journey Script	START	1635742120001
USER	Full Journey Script	START	1635742120001
USER	Full Journey Script	START	1635742120001
USER	Full Journey Script	START	1635742119999
USER	Full Journey Script	START	1635742119999
USER	Full Journey Script	START	1635742119999
USER	Full Journey Script	START	1635742120001
USER	Full Journey Script	START	1635742119999
USER	Full Journey Script	START	1635742120001
USER	Full Journey Script	START	1635742119999
REQUEST		Get all games	1635742120053	1635742120197	OK	 
REQUEST		Get all games	1635742120054	1635742120198	OK	 
REQUEST		Get all games	1635742120048	1635742120176	OK	 
REQUEST		Get all games	1635742120050	1635742120196	OK	 
REQUEST		Get all games	1635742120051	1635742120219	OK	 
REQUEST		Get all games	1635742120054	1635742120223	OK	 
REQUEST		Get all games	1635742120050	1635742120224	OK	 
REQUEST		Get all games	1635742120051	1635742120227	OK	 
REQUEST		Get all games	1635742120050	1635742120230	OK	 
REQUEST		Get all games	1635742120051	1635742120233	OK	 
REQUEST		Get all games	1635742120054	1635742120235	OK	 
REQUEST		Get all games	1635742120052	1635742120237	OK	 
REQUEST		Get all games	1635742120054	1635742120238	OK	 
REQUEST		Get all games	1635742120052	1635742120240	OK	 
REQUEST		Get all games	1635742120053	1635742120241	OK	 
REQUEST		Get all games	1635742120049	1635742120243	OK	 
REQUEST		Get all games	1635742120050	1635742120244	OK	 
REQUEST		Get all games	1635742120053	1635742120246	OK	 
REQUEST		Get all games	1635742120050	1635742120247	OK	 
REQUEST		Get all games	1635742120049	1635742120248	OK	 
REQUEST		Get all games	1635742120051	1635742120249	OK	 
USER	Full Journey Script	START	1635742120493
REQUEST		Get all games	1635742120493	1635742120499	OK	 
USER	Full Journey Script	START	1635742120996
REQUEST		Get all games	1635742120996	1635742121002	OK	 
USER	Full Journey Script	START	1635742121496
REQUEST		Get all games	1635742121496	1635742121501	OK	 
USER	Full Journey Script	START	1635742121996
REQUEST		Get all games	1635742121996	1635742122002	OK	 
REQUEST		Add a new game 	1635742122214	1635742122224	OK	 
REQUEST		Add a new game 	1635742122214	1635742122226	OK	 
REQUEST		Add a new game 	1635742122214	1635742122229	OK	 
REQUEST		Add a new game 	1635742122214	1635742122229	OK	 
REQUEST		Add a new game 	1635742122226	1635742122238	OK	 
REQUEST		Add a new game 	1635742122230	1635742122241	OK	 
REQUEST		Add a new game 	1635742122229	1635742122243	OK	 
REQUEST		Add a new game 	1635742122233	1635742122255	OK	 
REQUEST		Add a new game 	1635742122235	1635742122255	OK	 
REQUEST		Add a new game 	1635742122244	1635742122272	OK	 
REQUEST		Add a new game 	1635742122242	1635742122273	OK	 
REQUEST		Add a new game 	1635742122238	1635742122273	OK	 
REQUEST		Add a new game 	1635742122245	1635742122275	OK	 
REQUEST		Add a new game 	1635742122244	1635742122276	OK	 
REQUEST		Add a new game 	1635742122246	1635742122278	OK	 
REQUEST		Add a new game 	1635742122251	1635742122288	OK	 
REQUEST		Add a new game 	1635742122251	1635742122289	OK	 
REQUEST		Add a new game 	1635742122254	1635742122300	OK	 
REQUEST		Add a new game 	1635742122252	1635742122300	OK	 
REQUEST		Add a new game 	1635742122256	1635742122301	OK	 
REQUEST		Add a new game 	1635742122256	1635742122302	OK	 
USER	Full Journey Script	START	1635742122492
REQUEST		Get all games	1635742122493	1635742122497	OK	 
REQUEST		Add a new game 	1635742122502	1635742122507	OK	 
USER	Full Journey Script	START	1635742122994
REQUEST		Get all games	1635742122995	1635742122999	OK	 
REQUEST		Add a new game 	1635742123005	1635742123009	OK	 
USER	Full Journey Script	START	1635742123495
REQUEST		Get all games	1635742123495	1635742123500	OK	 
REQUEST		Add a new game 	1635742123504	1635742123509	OK	 
USER	Full Journey Script	START	1635742123998
REQUEST		Get all games	1635742123998	1635742124004	OK	 
REQUEST		Add a new game 	1635742124008	1635742124013	OK	 
REQUEST		Get one game by Id	1635742124232	1635742124238	OK	 
REQUEST		Get one game by Id	1635742124232	1635742124239	OK	 
REQUEST		Get one game by Id	1635742124232	1635742124239	OK	 
REQUEST		Get one game by Id	1635742124232	1635742124242	OK	 
REQUEST		Get one game by Id	1635742124243	1635742124247	OK	 
REQUEST		Get one game by Id	1635742124246	1635742124252	OK	 
REQUEST		Get one game by Id	1635742124248	1635742124252	OK	 
REQUEST		Get one game by Id	1635742124259	1635742124263	OK	 
REQUEST		Get one game by Id	1635742124259	1635742124264	OK	 
REQUEST		Get one game by Id	1635742124276	1635742124287	OK	 
REQUEST		Get one game by Id	1635742124278	1635742124288	OK	 
REQUEST		Get one game by Id	1635742124278	1635742124288	OK	 
REQUEST		Get one game by Id	1635742124278	1635742124290	OK	 
REQUEST		Get one game by Id	1635742124278	1635742124290	OK	 
REQUEST		Get one game by Id	1635742124279	1635742124299	OK	 
REQUEST		Get one game by Id	1635742124293	1635742124299	OK	 
REQUEST		Get one game by Id	1635742124293	1635742124301	OK	 
REQUEST		Get one game by Id	1635742124301	1635742124313	OK	 
REQUEST		Get one game by Id	1635742124302	1635742124313	OK	 
REQUEST		Get one game by Id	1635742124302	1635742124314	OK	 
REQUEST		Get one game by Id	1635742124303	1635742124314	OK	 
USER	Full Journey Script	START	1635742124493
REQUEST		Get all games	1635742124494	1635742124499	OK	 
REQUEST		Add a new game 	1635742124502	1635742124507	OK	 
REQUEST		Get one game by Id	1635742124508	1635742124512	OK	 
USER	Full Journey Script	START	1635742124994
REQUEST		Get all games	1635742124994	1635742124998	OK	 
REQUEST		Add a new game 	1635742125006	1635742125010	OK	 
REQUEST		Get one game by Id	1635742125012	1635742125015	OK	 
USER	Full Journey Script	START	1635742125497
REQUEST		Get all games	1635742125497	1635742125502	OK	 
REQUEST		Add a new game 	1635742125506	1635742125511	OK	 
REQUEST		Get one game by Id	1635742125511	1635742125515	OK	 
USER	Full Journey Script	START	1635742125993
REQUEST		Get all games	1635742125994	1635742125999	OK	 
REQUEST		Add a new game 	1635742126008	1635742126013	OK	 
REQUEST		Get one game by Id	1635742126016	1635742126021	OK	 
REQUEST		Delete a game	1635742126244	1635742126253	OK	 
REQUEST		Delete a game	1635742126244	1635742126253	OK	 
REQUEST		Delete a game	1635742126244	1635742126254	OK	 
REQUEST		Delete a game	1635742126244	1635742126254	OK	 
REQUEST		Delete a game	1635742126248	1635742126262	OK	 
REQUEST		Delete a game	1635742126254	1635742126263	OK	 
REQUEST		Delete a game	1635742126254	1635742126264	OK	 
REQUEST		Delete a game	1635742126267	1635742126272	OK	 
REQUEST		Delete a game	1635742126267	1635742126273	OK	 
REQUEST		Delete a game	1635742126292	1635742126297	OK	 
REQUEST		Delete a game	1635742126292	1635742126298	OK	 
REQUEST		Delete a game	1635742126294	1635742126304	OK	 
REQUEST		Delete a game	1635742126294	1635742126305	OK	 
REQUEST		Delete a game	1635742126294	1635742126305	OK	 
REQUEST		Delete a game	1635742126302	1635742126311	OK	 
REQUEST		Delete a game	1635742126302	1635742126313	OK	 
REQUEST		Delete a game	1635742126307	1635742126317	OK	 
REQUEST		Delete a game	1635742126316	1635742126330	OK	 
REQUEST		Delete a game	1635742126317	1635742126332	OK	 
REQUEST		Delete a game	1635742126316	1635742126332	OK	 
REQUEST		Delete a game	1635742126316	1635742126332	OK	 
USER	Full Journey Script	START	1635742126496
REQUEST		Get all games	1635742126497	1635742126501	OK	 
REQUEST		Add a new game 	1635742126505	1635742126509	OK	 
REQUEST		Get one game by Id	1635742126511	1635742126514	OK	 
REQUEST		Delete a game	1635742126514	1635742126518	OK	 
USER	Full Journey Script	START	1635742126994
REQUEST		Get all games	1635742126994	1635742126999	OK	 
REQUEST		Add a new game 	1635742127000	1635742127004	OK	 
REQUEST		Get one game by Id	1635742127015	1635742127023	OK	 
REQUEST		Delete a game	1635742127017	1635742127024	OK	 
USER	Full Journey Script	START	1635742127495
REQUEST		Get all games	1635742127496	1635742127500	OK	 
REQUEST		Add a new game 	1635742127508	1635742127512	OK	 
REQUEST		Get one game by Id	1635742127512	1635742127516	OK	 
REQUEST		Delete a game	1635742127518	1635742127523	OK	 
USER	Full Journey Script	START	1635742127996
REQUEST		Get all games	1635742127997	1635742128002	OK	 
REQUEST		Add a new game 	1635742128001	1635742128006	OK	 
REQUEST		Get one game by Id	1635742128016	1635742128020	OK	 
REQUEST		Delete a game	1635742128025	1635742128029	OK	 
REQUEST		Get all games	1635742128259	1635742128267	OK	 
REQUEST		Get all games	1635742128259	1635742128268	OK	 
REQUEST		Get all games	1635742128259	1635742128270	OK	 
REQUEST		Get all games	1635742128259	1635742128271	OK	 
REQUEST		Get all games	1635742128263	1635742128275	OK	 
REQUEST		Get all games	1635742128264	1635742128275	OK	 
REQUEST		Get all games	1635742128266	1635742128279	OK	 
REQUEST		Get all games	1635742128275	1635742128286	OK	 
REQUEST		Get all games	1635742128275	1635742128286	OK	 
REQUEST		Get all games	1635742128300	1635742128305	OK	 
REQUEST		Get all games	1635742128300	1635742128305	OK	 
REQUEST		Get all games	1635742128309	1635742128316	OK	 
REQUEST		Get all games	1635742128309	1635742128316	OK	 
REQUEST		Get all games	1635742128309	1635742128317	OK	 
REQUEST		Get all games	1635742128315	1635742128322	OK	 
REQUEST		Get all games	1635742128316	1635742128323	OK	 
REQUEST		Get all games	1635742128320	1635742128326	OK	 
REQUEST		Get all games	1635742128333	1635742128339	OK	 
REQUEST		Get all games	1635742128333	1635742128340	OK	 
REQUEST		Get all games	1635742128333	1635742128340	OK	 
REQUEST		Get all games	1635742128333	1635742128344	OK	 
USER	Full Journey Script	START	1635742128495
REQUEST		Get all games	1635742128496	1635742128501	OK	 
REQUEST		Add a new game 	1635742128503	1635742128507	OK	 
REQUEST		Get one game by Id	1635742128513	1635742128516	OK	 
REQUEST		Delete a game	1635742128516	1635742128520	OK	 
REQUEST		Get all games	1635742128520	1635742128525	OK	 
USER	Full Journey Script	START	1635742128997
REQUEST		Get all games	1635742128998	1635742129002	OK	 
REQUEST		Add a new game 	1635742129003	1635742129007	OK	 
REQUEST		Get one game by Id	1635742129009	1635742129013	OK	 
REQUEST		Get all games	1635742129027	1635742129031	OK	 
REQUEST		Delete a game	1635742129027	1635742129032	OK	 
USER	Full Journey Script	START	1635742129493
REQUEST		Get all games	1635742129493	1635742129498	OK	 
REQUEST		Add a new game 	1635742129504	1635742129508	OK	 
REQUEST		Get one game by Id	1635742129515	1635742129518	OK	 
REQUEST		Delete a game	1635742129521	1635742129525	OK	 
REQUEST		Get all games	1635742129527	1635742129531	OK	 
USER	Full Journey Script	START	1635742129997
REQUEST		Get all games	1635742129998	1635742130003	OK	 
REQUEST		Add a new game 	1635742130006	1635742130010	OK	 
REQUEST		Get one game by Id	1635742130009	1635742130013	OK	 
REQUEST		Delete a game	1635742130024	1635742130028	OK	 
REQUEST		Get all games	1635742130033	1635742130037	OK	 
USER	Full Journey Script	END	1635742130271
USER	Full Journey Script	END	1635742130271
USER	Full Journey Script	END	1635742130272
USER	Full Journey Script	END	1635742130272
USER	Full Journey Script	END	1635742130276
USER	Full Journey Script	END	1635742130276
USER	Full Journey Script	END	1635742130280
USER	Full Journey Script	END	1635742130287
USER	Full Journey Script	END	1635742130287
USER	Full Journey Script	END	1635742130308
USER	Full Journey Script	END	1635742130308
USER	Full Journey Script	END	1635742130317
USER	Full Journey Script	END	1635742130317
USER	Full Journey Script	END	1635742130318
USER	Full Journey Script	END	1635742130325
USER	Full Journey Script	END	1635742130325
USER	Full Journey Script	END	1635742130327
USER	Full Journey Script	END	1635742130342
USER	Full Journey Script	END	1635742130343
USER	Full Journey Script	END	1635742130343
USER	Full Journey Script	END	1635742130347
USER	Full Journey Script	START	1635742130496
REQUEST		Get all games	1635742130497	1635742130502	OK	 
REQUEST		Add a new game 	1635742130502	1635742130507	OK	 
REQUEST		Get one game by Id	1635742130508	1635742130512	OK	 
REQUEST		Delete a game	1635742130518	1635742130522	OK	 
USER	Full Journey Script	END	1635742130526
REQUEST		Get all games	1635742130525	1635742130530	OK	 
USER	Full Journey Script	START	1635742130997
REQUEST		Get all games	1635742130997	1635742131003	OK	 
REQUEST		Get one game by Id	1635742131009	1635742131019	OK	 
REQUEST		Add a new game 	1635742131009	1635742131020	OK	 
REQUEST		Delete a game	1635742131016	1635742131025	OK	 
USER	Full Journey Script	END	1635742131034
REQUEST		Get all games	1635742131035	1635742131040	OK	 
USER	Full Journey Script	START	1635742131494
REQUEST		Get all games	1635742131495	1635742131499	OK	 
REQUEST		Add a new game 	1635742131503	1635742131507	OK	 
REQUEST		Get one game by Id	1635742131514	1635742131517	OK	 
REQUEST		Delete a game	1635742131523	1635742131527	OK	 
USER	Full Journey Script	END	1635742131534
REQUEST		Get all games	1635742131530	1635742131536	OK	 
USER	Full Journey Script	START	1635742131998
REQUEST		Get all games	1635742131998	1635742132002	OK	 
REQUEST		Add a new game 	1635742132006	1635742132010	OK	 
REQUEST		Get one game by Id	1635742132014	1635742132022	OK	 
REQUEST		Delete a game	1635742132017	1635742132024	OK	 
REQUEST		Get all games	1635742132032	1635742132037	OK	 
USER	Full Journey Script	END	1635742132039
USER	Full Journey Script	START	1635742132493
REQUEST		Get all games	1635742132493	1635742132498	OK	 
REQUEST		Add a new game 	1635742132504	1635742132508	OK	 
REQUEST		Get one game by Id	1635742132509	1635742132512	OK	 
REQUEST		Delete a game	1635742132515	1635742132519	OK	 
USER	Full Journey Script	END	1635742132533
REQUEST		Get all games	1635742132527	1635742132534	OK	 
USER	Full Journey Script	START	1635742132992
REQUEST		Get all games	1635742132993	1635742132998	OK	 
REQUEST		Add a new game 	1635742133005	1635742133009	OK	 
REQUEST		Delete a game	1635742133024	1635742133029	OK	 
REQUEST		Get one game by Id	1635742133024	1635742133029	OK	 
REQUEST		Get all games	1635742133031	1635742133035	OK	 
USER	Full Journey Script	END	1635742133047
USER	Full Journey Script	START	1635742133495
REQUEST		Get all games	1635742133496	1635742133500	OK	 
REQUEST		Add a new game 	1635742133502	1635742133506	OK	 
REQUEST		Get one game by Id	1635742133509	1635742133512	OK	 
REQUEST		Delete a game	1635742133518	1635742133522	OK	 
REQUEST		Get all games	1635742133531	1635742133535	OK	 
USER	Full Journey Script	END	1635742133536
USER	Full Journey Script	START	1635742133995
REQUEST		Get all games	1635742133995	1635742134000	OK	 
REQUEST		Add a new game 	1635742134006	1635742134010	OK	 
REQUEST		Get one game by Id	1635742134016	1635742134020	OK	 
REQUEST		Delete a game	1635742134027	1635742134032	OK	 
REQUEST		Get all games	1635742134027	1635742134032	OK	 
USER	Full Journey Script	END	1635742134040
USER	Full Journey Script	START	1635742134496
REQUEST		Get all games	1635742134496	1635742134501	OK	 
REQUEST		Add a new game 	1635742134500	1635742134504	OK	 
REQUEST		Get one game by Id	1635742134514	1635742134521	OK	 
REQUEST		Delete a game	1635742134516	1635742134522	OK	 
REQUEST		Get all games	1635742134521	1635742134525	OK	 
USER	Full Journey Script	END	1635742134535
USER	Full Journey Script	START	1635742134995
REQUEST		Get all games	1635742134996	1635742135000	OK	 
REQUEST		Add a new game 	1635742135000	1635742135004	OK	 
REQUEST		Get one game by Id	1635742135014	1635742135018	OK	 
REQUEST		Delete a game	1635742135030	1635742135036	OK	 
REQUEST		Get all games	1635742135030	1635742135036	OK	 
USER	Full Journey Script	END	1635742135040
USER	Full Journey Script	START	1635742135496
REQUEST		Get all games	1635742135496	1635742135500	OK	 
REQUEST		Add a new game 	1635742135503	1635742135507	OK	 
REQUEST		Get one game by Id	1635742135510	1635742135513	OK	 
REQUEST		Delete a game	1635742135517	1635742135521	OK	 
REQUEST		Get all games	1635742135526	1635742135529	OK	 
USER	Full Journey Script	END	1635742135540
USER	Full Journey Script	START	1635742135997
REQUEST		Get all games	1635742135998	1635742136002	OK	 
REQUEST		Add a new game 	1635742136001	1635742136005	OK	 
REQUEST		Get one game by Id	1635742136014	1635742136017	OK	 
REQUEST		Delete a game	1635742136022	1635742136026	OK	 
USER	Full Journey Script	END	1635742136036
REQUEST		Get all games	1635742136034	1635742136039	OK	 
USER	Full Journey Script	START	1635742136495
REQUEST		Get all games	1635742136496	1635742136500	OK	 
REQUEST		Get one game by Id	1635742136507	1635742136511	OK	 
REQUEST		Add a new game 	1635742136507	1635742136512	OK	 
REQUEST		Get all games	1635742136524	1635742136528	OK	 
REQUEST		Delete a game	1635742136524	1635742136528	OK	 
USER	Full Journey Script	END	1635742136530
USER	Full Journey Script	START	1635742136998
REQUEST		Get all games	1635742136998	1635742137002	OK	 
REQUEST		Add a new game 	1635742137003	1635742137007	OK	 
REQUEST		Get one game by Id	1635742137006	1635742137010	OK	 
REQUEST		Delete a game	1635742137022	1635742137027	OK	 
USER	Full Journey Script	END	1635742137039
REQUEST		Get all games	1635742137039	1635742137043	OK	 
USER	Full Journey Script	START	1635742137492
REQUEST		Get all games	1635742137492	1635742137496	OK	 
REQUEST		Add a new game 	1635742137503	1635742137507	OK	 
REQUEST		Get one game by Id	1635742137511	1635742137514	OK	 
REQUEST		Delete a game	1635742137516	1635742137520	OK	 
REQUEST		Get all games	1635742137522	1635742137526	OK	 
USER	Full Journey Script	END	1635742137530
USER	Full Journey Script	START	1635742137996
REQUEST		Get all games	1635742137997	1635742138002	OK	 
REQUEST		Add a new game 	1635742138004	1635742138008	OK	 
REQUEST		Get one game by Id	1635742138007	1635742138011	OK	 
REQUEST		Delete a game	1635742138019	1635742138022	OK	 
REQUEST		Get all games	1635742138030	1635742138034	OK	 
USER	Full Journey Script	END	1635742138042
USER	Full Journey Script	START	1635742138496
REQUEST		Get all games	1635742138497	1635742138503	OK	 
REQUEST		Add a new game 	1635742138501	1635742138510	OK	 
REQUEST		Delete a game	1635742138516	1635742138521	OK	 
REQUEST		Get one game by Id	1635742138517	1635742138522	OK	 
USER	Full Journey Script	END	1635742138531
REQUEST		Get all games	1635742138531	1635742138539	OK	 
USER	Full Journey Script	START	1635742138996
REQUEST		Get all games	1635742138997	1635742139001	OK	 
REQUEST		Add a new game 	1635742139008	1635742139012	OK	 
REQUEST		Get one game by Id	1635742139008	1635742139013	OK	 
REQUEST		Delete a game	1635742139013	1635742139017	OK	 
REQUEST		Get all games	1635742139031	1635742139034	OK	 
USER	Full Journey Script	END	1635742139048
USER	Full Journey Script	START	1635742139497
REQUEST		Get all games	1635742139497	1635742139502	OK	 
REQUEST		Add a new game 	1635742139501	1635742139506	OK	 
REQUEST		Get one game by Id	1635742139512	1635742139515	OK	 
REQUEST		Delete a game	1635742139520	1635742139525	OK	 
REQUEST		Get all games	1635742139521	1635742139526	OK	 
USER	Full Journey Script	END	1635742139530
REQUEST		Add a new game 	1635742140008	1635742140015	OK	 
REQUEST		Get one game by Id	1635742140011	1635742140017	OK	 
REQUEST		Delete a game	1635742140011	1635742140018	OK	 
REQUEST		Get all games	1635742140027	1635742140030	OK	 
USER	Full Journey Script	END	1635742140037
REQUEST		Add a new game 	1635742140508	1635742140512	OK	 
REQUEST		Get one game by Id	1635742140514	1635742140517	OK	 
REQUEST		Get all games	1635742140526	1635742140531	OK	 
REQUEST		Delete a game	1635742140527	1635742140535	OK	 
USER	Full Journey Script	END	1635742140544
REQUEST		Add a new game 	1635742141006	1635742141011	OK	 
REQUEST		Delete a game	1635742141017	1635742141021	OK	 
REQUEST		Get one game by Id	1635742141017	1635742141022	OK	 
REQUEST		Get all games	1635742141020	1635742141026	OK	 
USER	Full Journey Script	END	1635742141038
REQUEST		Add a new game 	1635742141507	1635742141513	OK	 
REQUEST		Get one game by Id	1635742141508	1635742141514	OK	 
REQUEST		Delete a game	1635742141518	1635742141522	OK	 
USER	Full Journey Script	END	1635742141528
REQUEST		Get all games	1635742141528	1635742141532	OK	 
REQUEST		Get one game by Id	1635742142020	1635742142026	OK	 
REQUEST		Get all games	1635742142021	1635742142027	OK	 
REQUEST		Delete a game	1635742142021	1635742142029	OK	 
USER	Full Journey Script	END	1635742142033
REQUEST		Get one game by Id	1635742142518	1635742142523	OK	 
REQUEST		Delete a game	1635742142519	1635742142524	OK	 
USER	Full Journey Script	END	1635742142535
REQUEST		Get all games	1635742142538	1635742142541	OK	 
REQUEST		Get one game by Id	1635742143012	1635742143016	OK	 
REQUEST		Delete a game	1635742143026	1635742143029	OK	 
REQUEST		Get all games	1635742143026	1635742143030	OK	 
USER	Full Journey Script	END	1635742143032
REQUEST		Delete a game	1635742143518	1635742143523	OK	 
REQUEST		Get one game by Id	1635742143518	1635742143524	OK	 
REQUEST		Get all games	1635742143527	1635742143529	OK	 
USER	Full Journey Script	END	1635742143537
USER	Full Journey Script	END	1635742144029
REQUEST		Delete a game	1635742144028	1635742144032	OK	 
REQUEST		Get all games	1635742144031	1635742144036	OK	 
REQUEST		Delete a game	1635742144525	1635742144530	OK	 
REQUEST		Get all games	1635742144525	1635742144530	OK	 
USER	Full Journey Script	END	1635742144544
REQUEST		Delete a game	1635742145017	1635742145020	OK	 
USER	Full Journey Script	END	1635742145034
REQUEST		Get all games	1635742145035	1635742145039	OK	 
REQUEST		Get all games	1635742145524	1635742145528	OK	 
REQUEST		Delete a game	1635742145525	1635742145529	OK	 
USER	Full Journey Script	END	1635742145531
USER	Full Journey Script	END	1635742146038
REQUEST		Get all games	1635742146038	1635742146042	OK	 
USER	Full Journey Script	END	1635742146535
REQUEST		Get all games	1635742146535	1635742146541	OK	 
REQUEST		Get all games	1635742147022	1635742147027	OK	 
USER	Full Journey Script	END	1635742147041
USER	Full Journey Script	END	1635742147534
REQUEST		Get all games	1635742147534	1635742147538	OK	 
USER	Full Journey Script	END	1635742148047
USER	Full Journey Script	END	1635742148545
USER	Full Journey Script	END	1635742149033
USER	Full Journey Script	END	1635742149544
