RUN	simulations.AddPauseTime	addpausetime	1635733428641	 	3.6.1
USER	Video Game DB - 3 calls	START	1635733436572
USER	Video Game DB - 3 calls	START	1635733436572
USER	Video Game DB - 3 calls	START	1635733436575
USER	Video Game DB - 3 calls	START	1635733436572
USER	Video Game DB - 3 calls	START	1635733436572
USER	Video Game DB - 3 calls	START	1635733436572
REQUEST		Get all games	1635733436599	1635733436712	OK	 
REQUEST		Get all games	1635733436599	1635733436712	OK	 
REQUEST		Get all games	1635733436599	1635733436712	OK	 
REQUEST		Get all games	1635733436599	1635733436712	OK	 
REQUEST		Get all games	1635733436599	1635733436712	OK	 
REQUEST		Get all games	1635733436599	1635733436712	OK	 
USER	Video Game DB - 3 calls	START	1635733437569
REQUEST		Get all games	1635733437570	1635733437584	OK	 
USER	Video Game DB - 3 calls	START	1635733438568
REQUEST		Get all games	1635733438568	1635733438582	OK	 
USER	Video Game DB - 3 calls	START	1635733439569
REQUEST		Get all games	1635733439570	1635733439585	OK	 
USER	Video Game DB - 3 calls	START	1635733440569
REQUEST		Get all games	1635733440569	1635733440574	OK	 
USER	Video Game DB - 3 calls	START	1635733441570
REQUEST		Get all games	1635733441570	1635733441575	OK	 
REQUEST		Get a game by Id	1635733441727	1635733441735	OK	 
REQUEST		Get a game by Id	1635733441727	1635733441735	OK	 
REQUEST		Get a game by Id	1635733441727	1635733441735	OK	 
REQUEST		Get a game by Id	1635733441727	1635733441735	OK	 
REQUEST		Get a game by Id	1635733441727	1635733441735	OK	 
REQUEST		Get a game by Id	1635733441727	1635733441735	OK	 
USER	Video Game DB - 3 calls	START	1635733442570
REQUEST		Get all games	1635733442570	1635733442576	OK	 
REQUEST		Get a game by Id	1635733442586	1635733442590	OK	 
USER	Video Game DB - 3 calls	START	1635733443569
REQUEST		Get all games	1635733443569	1635733443575	OK	 
REQUEST		Get a game by Id	1635733443585	1635733443589	OK	 
USER	Video Game DB - 3 calls	START	1635733444569
REQUEST		Get all games	1635733444569	1635733444574	OK	 
REQUEST		Get a game by Id	1635733444586	1635733444589	OK	 
USER	Video Game DB - 3 calls	START	1635733445569
REQUEST		Get all games	1635733445569	1635733445574	OK	 
REQUEST		Get a game by Id	1635733445578	1635733445581	OK	 
REQUEST		Get a game by Id	1635733446578	1635733446581	OK	 
REQUEST		Get all games	1635733446738	1635733446743	OK	 
REQUEST		Get all games	1635733446738	1635733446743	OK	 
REQUEST		Get all games	1635733446738	1635733446743	OK	 
REQUEST		Get all games	1635733446738	1635733446743	OK	 
REQUEST		Get all games	1635733446738	1635733446743	OK	 
REQUEST		Get all games	1635733446738	1635733446743	OK	 
REQUEST		Get a game by Id	1635733447577	1635733447581	OK	 
REQUEST		Get all games	1635733447592	1635733447595	OK	 
REQUEST		Get a game by Id	1635733448577	1635733448579	OK	 
REQUEST		Get all games	1635733448591	1635733448593	OK	 
REQUEST		Get a game by Id	1635733449576	1635733449578	OK	 
REQUEST		Get all games	1635733449591	1635733449594	OK	 
REQUEST		Get a game by Id	1635733450576	1635733450581	OK	 
REQUEST		Get all games	1635733450582	1635733450586	OK	 
REQUEST		Get all games	1635733451585	1635733451589	OK	 
USER	Video Game DB - 3 calls	END	1635733451746
USER	Video Game DB - 3 calls	END	1635733451746
USER	Video Game DB - 3 calls	END	1635733451746
USER	Video Game DB - 3 calls	END	1635733451746
USER	Video Game DB - 3 calls	END	1635733451746
USER	Video Game DB - 3 calls	END	1635733451746
REQUEST		Get all games	1635733452586	1635733452591	OK	 
USER	Video Game DB - 3 calls	END	1635733452596
REQUEST		Get all games	1635733453581	1635733453584	OK	 
USER	Video Game DB - 3 calls	END	1635733453599
REQUEST		Get all games	1635733454581	1635733454585	OK	 
USER	Video Game DB - 3 calls	END	1635733454596
REQUEST		Get all games	1635733455583	1635733455588	OK	 
USER	Video Game DB - 3 calls	END	1635733455589
USER	Video Game DB - 3 calls	END	1635733456593
USER	Video Game DB - 3 calls	END	1635733457594
USER	Video Game DB - 3 calls	END	1635733458588
USER	Video Game DB - 3 calls	END	1635733459590
USER	Video Game DB - 3 calls	END	1635733460592
