RUN	simulations.CheckResponse	checkresponse	1635409349240	 	3.6.1
USER	Video Game DB - 3 calls	START	1635409351879
USER	Video Game DB - 3 calls	START	1635409351879
USER	Video Game DB - 3 calls	START	1635409351879
USER	Video Game DB - 3 calls	START	1635409351879
USER	Video Game DB - 3 calls	START	1635409351879
USER	Video Game DB - 3 calls	START	1635409351879
USER	Video Game DB - 3 calls	START	1635409351879
USER	Video Game DB - 3 calls	START	1635409351879
USER	Video Game DB - 3 calls	START	1635409351879
USER	Video Game DB - 3 calls	START	1635409351879
REQUEST		Get all video games	1635409351903	1635409355467	OK	 
REQUEST		Get all video games	1635409351903	1635409355464	OK	 
REQUEST		Get all video games	1635409351903	1635409355469	OK	 
REQUEST		Get all video games	1635409351903	1635409355464	OK	 
REQUEST		Get all video games	1635409351903	1635409355464	OK	 
REQUEST		Get all video games	1635409351903	1635409355464	OK	 
REQUEST		Get all video games	1635409351903	1635409355464	OK	 
REQUEST		Get all video games	1635409351903	1635409355470	OK	 
REQUEST		Get all video games	1635409351903	1635409355471	OK	 
REQUEST		Get all video games	1635409351903	1635409355471	OK	 
REQUEST		Get a video game by ID	1635409360501	1635409360508	KO	status.find.in(200,201,202,203,204,205,206,207,208,209,210), but actually found 304
REQUEST		Get a video game by ID	1635409360501	1635409360508	KO	status.find.in(200,201,202,203,204,205,206,207,208,209,210), but actually found 304
REQUEST		Get a video game by ID	1635409360501	1635409360508	KO	status.find.in(200,201,202,203,204,205,206,207,208,209,210), but actually found 304
REQUEST		Get a video game by ID	1635409360502	1635409360508	KO	status.find.in(200,201,202,203,204,205,206,207,208,209,210), but actually found 304
REQUEST		Get a video game by ID	1635409360502	1635409360508	KO	status.find.in(200,201,202,203,204,205,206,207,208,209,210), but actually found 304
REQUEST		Get a video game by ID	1635409360501	1635409360508	KO	status.find.in(200,201,202,203,204,205,206,207,208,209,210), but actually found 304
REQUEST		Get a video game by ID	1635409360502	1635409360508	KO	status.find.in(200,201,202,203,204,205,206,207,208,209,210), but actually found 304
REQUEST		Get a video game by ID	1635409360502	1635409360508	KO	status.find.in(200,201,202,203,204,205,206,207,208,209,210), but actually found 304
REQUEST		Get a video game by ID	1635409360501	1635409360508	KO	status.find.in(200,201,202,203,204,205,206,207,208,209,210), but actually found 304
REQUEST		Get a video game by ID	1635409360502	1635409360508	KO	status.find.in(200,201,202,203,204,205,206,207,208,209,210), but actually found 304
REQUEST		Get all video games - 2nd call	1635409362567	1635409362570	OK	 
REQUEST		Get all video games - 2nd call	1635409363236	1635409363240	OK	 
REQUEST		Get all video games - 2nd call	1635409364126	1635409364129	OK	 
USER	Video Game DB - 3 calls	END	1635409364574
REQUEST		Get all video games - 2nd call	1635409364845	1635409364848	OK	 
REQUEST		Get all video games - 2nd call	1635409365048	1635409365050	OK	 
USER	Video Game DB - 3 calls	END	1635409365242
REQUEST		Get all video games - 2nd call	1635409365292	1635409365294	OK	 
USER	Video Game DB - 3 calls	END	1635409366131
USER	Video Game DB - 3 calls	END	1635409366854
USER	Video Game DB - 3 calls	END	1635409367052
USER	Video Game DB - 3 calls	END	1635409367296
REQUEST		Get all video games - 2nd call	1635409367669	1635409367675	OK	 
REQUEST		Get all video games - 2nd call	1635409369108	1635409369111	OK	 
REQUEST		Get all video games - 2nd call	1635409369352	1635409369355	OK	 
USER	Video Game DB - 3 calls	END	1635409369679
REQUEST		Get all video games - 2nd call	1635409370158	1635409370160	OK	 
USER	Video Game DB - 3 calls	END	1635409371114
USER	Video Game DB - 3 calls	END	1635409371358
USER	Video Game DB - 3 calls	END	1635409372163
