RUN	simulations.AddPauseTime	addpausetime	1635396956111	 	3.6.1
USER	Video Game DB - 3 calls	START	1635396958742
USER	Video Game DB - 3 calls	START	1635396958742
USER	Video Game DB - 3 calls	START	1635396958742
USER	Video Game DB - 3 calls	START	1635396958742
USER	Video Game DB - 3 calls	START	1635396958742
USER	Video Game DB - 3 calls	START	1635396958742
USER	Video Game DB - 3 calls	START	1635396958742
USER	Video Game DB - 3 calls	START	1635396958742
USER	Video Game DB - 3 calls	START	1635396958742
USER	Video Game DB - 3 calls	START	1635396958742
REQUEST		Get all video games	1635396958768	1635396962167	OK	 
REQUEST		Get all video games	1635396958768	1635396962168	OK	 
REQUEST		Get all video games	1635396958768	1635396962160	OK	 
REQUEST		Get all video games	1635396958768	1635396962167	OK	 
REQUEST		Get all video games	1635396958768	1635396962169	OK	 
REQUEST		Get all video games	1635396958768	1635396962144	OK	 
REQUEST		Get all video games	1635396958768	1635396962167	OK	 
REQUEST		Get all video games	1635396958768	1635396962167	OK	 
REQUEST		Get all video games	1635396958768	1635396962165	OK	 
REQUEST		Get all video games	1635396958768	1635396962155	OK	 
REQUEST		Get a video game by ID	1635396967177	1635396967184	OK	 
REQUEST		Get a video game by ID	1635396967177	1635396967184	OK	 
REQUEST		Get a video game by ID	1635396967178	1635396967184	OK	 
REQUEST		Get a video game by ID	1635396967177	1635396967184	OK	 
REQUEST		Get a video game by ID	1635396967177	1635396967184	OK	 
REQUEST		Get a video game by ID	1635396967177	1635396967184	OK	 
REQUEST		Get a video game by ID	1635396967177	1635396967184	OK	 
REQUEST		Get a video game by ID	1635396967177	1635396967184	OK	 
REQUEST		Get a video game by ID	1635396967177	1635396967184	OK	 
REQUEST		Get a video game by ID	1635396967177	1635396967184	OK	 
REQUEST		Get all video games - 2nd call	1635396969001	1635396969004	OK	 
REQUEST		Get all video games - 2nd call	1635396969443	1635396969446	OK	 
REQUEST		Get all video games - 2nd call	1635396970834	1635396970838	OK	 
USER	Video Game DB - 3 calls	END	1635396971009
USER	Video Game DB - 3 calls	END	1635396971452
REQUEST		Get all video games - 2nd call	1635396972137	1635396972140	OK	 
REQUEST		Get all video games - 2nd call	1635396972203	1635396972206	OK	 
USER	Video Game DB - 3 calls	END	1635396972843
REQUEST		Get all video games - 2nd call	1635396972896	1635396972899	OK	 
REQUEST		Get all video games - 2nd call	1635396973753	1635396973755	OK	 
REQUEST		Get all video games - 2nd call	1635396974092	1635396974094	OK	 
USER	Video Game DB - 3 calls	END	1635396974144
USER	Video Game DB - 3 calls	END	1635396974208
REQUEST		Get all video games - 2nd call	1635396974374	1635396974377	OK	 
USER	Video Game DB - 3 calls	END	1635396974903
REQUEST		Get all video games - 2nd call	1635396975297	1635396975300	OK	 
USER	Video Game DB - 3 calls	END	1635396975757
USER	Video Game DB - 3 calls	END	1635396976099
USER	Video Game DB - 3 calls	END	1635396976383
USER	Video Game DB - 3 calls	END	1635396977305
