RUN	simulations.AddPauseTime	addpausetime	1635396493306	 	3.6.1
USER	Video Game DB - 3 calls	START	1635396496276
USER	Video Game DB - 3 calls	START	1635396496276
USER	Video Game DB - 3 calls	START	1635396496276
USER	Video Game DB - 3 calls	START	1635396496276
USER	Video Game DB - 3 calls	START	1635396496276
USER	Video Game DB - 3 calls	START	1635396496276
USER	Video Game DB - 3 calls	START	1635396496276
USER	Video Game DB - 3 calls	START	1635396496276
USER	Video Game DB - 3 calls	START	1635396496276
USER	Video Game DB - 3 calls	START	1635396496276
REQUEST		Get all video games	1635396496306	1635396499688	OK	 
REQUEST		Get all video games	1635396496306	1635396499687	OK	 
REQUEST		Get all video games	1635396496306	1635396499689	OK	 
REQUEST		Get all video games	1635396496306	1635396499688	OK	 
REQUEST		Get all video games	1635396496306	1635396499688	OK	 
REQUEST		Get all video games	1635396496306	1635396499686	OK	 
REQUEST		Get all video games	1635396496306	1635396499689	OK	 
REQUEST		Get all video games	1635396496306	1635396499688	OK	 
REQUEST		Get all video games	1635396496306	1635396499688	OK	 
REQUEST		Get all video games	1635396496306	1635396499689	OK	 
REQUEST		Get a video game by ID	1635396504712	1635396504718	OK	 
REQUEST		Get a video game by ID	1635396504712	1635396504718	OK	 
REQUEST		Get a video game by ID	1635396504712	1635396504718	OK	 
REQUEST		Get a video game by ID	1635396504712	1635396504718	OK	 
REQUEST		Get a video game by ID	1635396504712	1635396504718	OK	 
REQUEST		Get a video game by ID	1635396504712	1635396504718	OK	 
REQUEST		Get a video game by ID	1635396504712	1635396504718	OK	 
REQUEST		Get a video game by ID	1635396504712	1635396504718	OK	 
REQUEST		Get a video game by ID	1635396504712	1635396504718	OK	 
REQUEST		Get a video game by ID	1635396504712	1635396504718	OK	 
REQUEST		Get all video games - 2nd call	1635396505869	1635396505872	OK	 
REQUEST		Get all video games - 2nd call	1635396507438	1635396507441	OK	 
USER	Video Game DB - 3 calls	END	1635396507880
REQUEST		Get all video games - 2nd call	1635396509197	1635396509199	OK	 
REQUEST		Get all video games - 2nd call	1635396509401	1635396509404	OK	 
USER	Video Game DB - 3 calls	END	1635396509448
REQUEST		Get all video games - 2nd call	1635396510203	1635396510206	OK	 
REQUEST		Get all video games - 2nd call	1635396510462	1635396510465	OK	 
REQUEST		Get all video games - 2nd call	1635396511026	1635396511029	OK	 
USER	Video Game DB - 3 calls	END	1635396511205
REQUEST		Get all video games - 2nd call	1635396511249	1635396511252	OK	 
USER	Video Game DB - 3 calls	END	1635396511408
USER	Video Game DB - 3 calls	END	1635396512208
REQUEST		Get all video games - 2nd call	1635396512466	1635396512468	OK	 
USER	Video Game DB - 3 calls	END	1635396512468
USER	Video Game DB - 3 calls	END	1635396513031
USER	Video Game DB - 3 calls	END	1635396513258
REQUEST		Get all video games - 2nd call	1635396514021	1635396514024	OK	 
USER	Video Game DB - 3 calls	END	1635396514473
USER	Video Game DB - 3 calls	END	1635396516030
