RUN	simulations.Challenge	challenge	1635749913622	 	3.6.1
USER	Full Journey Script	START	1635749919277
USER	Full Journey Script	START	1635749919278
USER	Full Journey Script	START	1635749919276
USER	Full Journey Script	START	1635749919277
USER	Full Journey Script	START	1635749919276
USER	Full Journey Script	START	1635749919276
USER	Full Journey Script	START	1635749919276
USER	Full Journey Script	START	1635749919276
USER	Full Journey Script	START	1635749919276
USER	Full Journey Script	START	1635749919277
USER	Full Journey Script	START	1635749919276
USER	Full Journey Script	START	1635749919278
USER	Full Journey Script	START	1635749919276
USER	Full Journey Script	START	1635749919276
USER	Full Journey Script	START	1635749919276
USER	Full Journey Script	START	1635749919277
USER	Full Journey Script	START	1635749919276
USER	Full Journey Script	START	1635749919276
USER	Full Journey Script	START	1635749919278
USER	Full Journey Script	START	1635749919276
USER	Full Journey Script	START	1635749919276
REQUEST		Get all games	1635749919307	1635749919508	OK	 
REQUEST		Get all games	1635749919309	1635749919501	OK	 
REQUEST		Get all games	1635749919306	1635749919504	OK	 
REQUEST		Get all games	1635749919308	1635749919515	OK	 
REQUEST		Get all games	1635749919307	1635749919514	OK	 
REQUEST		Get all games	1635749919307	1635749919502	OK	 
REQUEST		Get all games	1635749919307	1635749919508	OK	 
REQUEST		Get all games	1635749919306	1635749919513	OK	 
REQUEST		Get all games	1635749919306	1635749919501	OK	 
REQUEST		Get all games	1635749919308	1635749919505	OK	 
REQUEST		Get all games	1635749919307	1635749919506	OK	 
REQUEST		Get all games	1635749919306	1635749919512	OK	 
REQUEST		Get all games	1635749919307	1635749919509	OK	 
REQUEST		Get all games	1635749919307	1635749919507	OK	 
REQUEST		Get all games	1635749919306	1635749919510	OK	 
REQUEST		Get all games	1635749919309	1635749919510	OK	 
REQUEST		Get all games	1635749919307	1635749919512	OK	 
REQUEST		Get all games	1635749919309	1635749919503	OK	 
REQUEST		Get all games	1635749919306	1635749919504	OK	 
REQUEST		Get all games	1635749919306	1635749919511	OK	 
REQUEST		Get all games	1635749919306	1635749919502	OK	 
USER	Full Journey Script	START	1635749919771
REQUEST		Get all games	1635749919772	1635749919779	OK	 
USER	Full Journey Script	START	1635749920271
REQUEST		Get all games	1635749920272	1635749920278	OK	 
USER	Full Journey Script	START	1635749920773
REQUEST		Get all games	1635749920774	1635749920780	OK	 
USER	Full Journey Script	START	1635749921274
REQUEST		Get all games	1635749921275	1635749921281	OK	 
REQUEST		Add a new game 	1635749921538	1635749921576	OK	 
REQUEST		Add a new game 	1635749921538	1635749921577	OK	 
REQUEST		Add a new game 	1635749921538	1635749921577	OK	 
REQUEST		Add a new game 	1635749921538	1635749921578	OK	 
REQUEST		Add a new game 	1635749921539	1635749921597	OK	 
REQUEST		Add a new game 	1635749921539	1635749921597	OK	 
REQUEST		Add a new game 	1635749921538	1635749921598	OK	 
REQUEST		Add a new game 	1635749921538	1635749921598	OK	 
REQUEST		Add a new game 	1635749921538	1635749921599	OK	 
REQUEST		Add a new game 	1635749921539	1635749921599	OK	 
REQUEST		Add a new game 	1635749921539	1635749921600	OK	 
REQUEST		Add a new game 	1635749921538	1635749921600	OK	 
REQUEST		Add a new game 	1635749921538	1635749921601	OK	 
REQUEST		Add a new game 	1635749921538	1635749921602	OK	 
REQUEST		Add a new game 	1635749921538	1635749921602	OK	 
REQUEST		Add a new game 	1635749921538	1635749921603	OK	 
REQUEST		Add a new game 	1635749921538	1635749921603	OK	 
REQUEST		Add a new game 	1635749921538	1635749921604	OK	 
REQUEST		Add a new game 	1635749921538	1635749921604	OK	 
REQUEST		Add a new game 	1635749921538	1635749921605	OK	 
REQUEST		Add a new game 	1635749921539	1635749921605	OK	 
USER	Full Journey Script	START	1635749921771
REQUEST		Get all games	1635749921772	1635749921777	OK	 
REQUEST		Add a new game 	1635749921781	1635749921786	OK	 
USER	Full Journey Script	START	1635749922272
REQUEST		Get all games	1635749922272	1635749922276	OK	 
REQUEST		Add a new game 	1635749922281	1635749922285	OK	 
USER	Full Journey Script	START	1635749922771
REQUEST		Get all games	1635749922771	1635749922776	OK	 
REQUEST		Add a new game 	1635749922787	1635749922795	OK	 
USER	Full Journey Script	START	1635749923270
REQUEST		Get all games	1635749923271	1635749923275	OK	 
REQUEST		Add a new game 	1635749923286	1635749923290	OK	 
REQUEST		Get one game by Id	1635749923583	1635749923593	OK	 
REQUEST		Get one game by Id	1635749923601	1635749923626	OK	 
REQUEST		Get one game by Id	1635749923602	1635749923626	OK	 
REQUEST		Get one game by Id	1635749923602	1635749923626	OK	 
REQUEST		Get one game by Id	1635749923601	1635749923636	OK	 
REQUEST		Get one game by Id	1635749923583	1635749923592	OK	 
REQUEST		Get one game by Id	1635749923602	1635749923623	OK	 
REQUEST		Get one game by Id	1635749923602	1635749923625	OK	 
REQUEST		Get one game by Id	1635749923602	1635749923637	OK	 
REQUEST		Get one game by Id	1635749923601	1635749923635	OK	 
REQUEST		Get one game by Id	1635749923583	1635749923592	OK	 
REQUEST		Get one game by Id	1635749923583	1635749923591	OK	 
REQUEST		Get one game by Id	1635749923604	1635749923702	OK	 
REQUEST		Get one game by Id	1635749923604	1635749923705	OK	 
REQUEST		Get one game by Id	1635749923604	1635749923707	OK	 
REQUEST		Get one game by Id	1635749923605	1635749923711	OK	 
REQUEST		Get one game by Id	1635749923608	1635749923713	OK	 
REQUEST		Get one game by Id	1635749923609	1635749923716	OK	 
REQUEST		Get one game by Id	1635749923609	1635749923721	OK	 
REQUEST		Get one game by Id	1635749923609	1635749923721	OK	 
REQUEST		Get one game by Id	1635749923609	1635749923725	OK	 
USER	Full Journey Script	START	1635749923771
REQUEST		Get all games	1635749923771	1635749923776	OK	 
REQUEST		Add a new game 	1635749923784	1635749923794	OK	 
REQUEST		Get one game by Id	1635749923789	1635749923802	OK	 
USER	Full Journey Script	START	1635749924273
REQUEST		Get all games	1635749924273	1635749924277	OK	 
REQUEST		Add a new game 	1635749924278	1635749924282	OK	 
REQUEST		Get one game by Id	1635749924287	1635749924291	OK	 
USER	Full Journey Script	START	1635749924770
REQUEST		Get all games	1635749924770	1635749924775	OK	 
REQUEST		Add a new game 	1635749924779	1635749924786	OK	 
REQUEST		Get one game by Id	1635749924797	1635749924802	OK	 
USER	Full Journey Script	START	1635749925269
REQUEST		Get all games	1635749925270	1635749925274	OK	 
REQUEST		Add a new game 	1635749925281	1635749925287	OK	 
REQUEST		Get one game by Id	1635749925295	1635749925299	OK	 
REQUEST		Delete a game	1635749925676	1635749925697	OK	 
REQUEST		Delete a game	1635749925676	1635749925698	OK	 
REQUEST		Delete a game	1635749925676	1635749925698	OK	 
REQUEST		Delete a game	1635749925676	1635749925699	OK	 
REQUEST		Delete a game	1635749925676	1635749925699	OK	 
REQUEST		Delete a game	1635749925676	1635749925700	OK	 
REQUEST		Delete a game	1635749925676	1635749925701	OK	 
REQUEST		Delete a game	1635749925676	1635749925702	OK	 
REQUEST		Delete a game	1635749925676	1635749925702	OK	 
REQUEST		Delete a game	1635749925676	1635749925703	OK	 
REQUEST		Delete a game	1635749925676	1635749925704	OK	 
REQUEST		Delete a game	1635749925676	1635749925704	OK	 
REQUEST		Delete a game	1635749925707	1635749925714	OK	 
REQUEST		Delete a game	1635749925708	1635749925714	OK	 
REQUEST		Delete a game	1635749925713	1635749925719	OK	 
REQUEST		Delete a game	1635749925714	1635749925720	OK	 
REQUEST		Delete a game	1635749925719	1635749925726	OK	 
REQUEST		Delete a game	1635749925720	1635749925727	OK	 
REQUEST		Delete a game	1635749925724	1635749925732	OK	 
REQUEST		Delete a game	1635749925724	1635749925732	OK	 
REQUEST		Delete a game	1635749925729	1635749925738	OK	 
USER	Full Journey Script	START	1635749925771
REQUEST		Get all games	1635749925771	1635749925775	OK	 
REQUEST		Add a new game 	1635749925783	1635749925788	OK	 
REQUEST		Get one game by Id	1635749925796	1635749925802	OK	 
REQUEST		Delete a game	1635749925809	1635749925816	OK	 
USER	Full Journey Script	START	1635749926271
REQUEST		Get all games	1635749926271	1635749926276	OK	 
REQUEST		Add a new game 	1635749926281	1635749926286	OK	 
REQUEST		Get one game by Id	1635749926283	1635749926288	OK	 
REQUEST		Delete a game	1635749926294	1635749926300	OK	 
USER	Full Journey Script	START	1635749926769
REQUEST		Get all games	1635749926770	1635749926774	OK	 
REQUEST		Add a new game 	1635749926779	1635749926783	OK	 
REQUEST		Get one game by Id	1635749926792	1635749926796	OK	 
REQUEST		Delete a game	1635749926806	1635749926810	OK	 
USER	Full Journey Script	START	1635749927269
REQUEST		Get all games	1635749927269	1635749927273	OK	 
REQUEST		Add a new game 	1635749927279	1635749927283	OK	 
REQUEST		Get one game by Id	1635749927290	1635749927294	OK	 
REQUEST		Delete a game	1635749927304	1635749927309	OK	 
REQUEST		Get all games	1635749927698	1635749927703	OK	 
REQUEST		Get all games	1635749927698	1635749927704	OK	 
REQUEST		Get all games	1635749927699	1635749927714	OK	 
REQUEST		Get all games	1635749927700	1635749927715	OK	 
REQUEST		Get all games	1635749927700	1635749927715	OK	 
REQUEST		Get all games	1635749927701	1635749927716	OK	 
REQUEST		Get all games	1635749927703	1635749927722	OK	 
REQUEST		Get all games	1635749927703	1635749927723	OK	 
REQUEST		Get all games	1635749927708	1635749927738	OK	 
REQUEST		Get all games	1635749927708	1635749927738	OK	 
REQUEST		Get all games	1635749927708	1635749927739	OK	 
REQUEST		Get all games	1635749927708	1635749927740	OK	 
REQUEST		Get all games	1635749927719	1635749927747	OK	 
REQUEST		Get all games	1635749927719	1635749927748	OK	 
REQUEST		Get all games	1635749927723	1635749927761	OK	 
REQUEST		Get all games	1635749927724	1635749927761	OK	 
REQUEST		Get all games	1635749927732	1635749927762	OK	 
REQUEST		Get all games	1635749927732	1635749927763	OK	 
USER	Full Journey Script	START	1635749927770
REQUEST		Get all games	1635749927741	1635749927779	OK	 
REQUEST		Get all games	1635749927736	1635749927780	OK	 
REQUEST		Get all games	1635749927735	1635749927781	OK	 
REQUEST		Get all games	1635749927771	1635749927787	OK	 
REQUEST		Add a new game 	1635749927779	1635749927790	OK	 
REQUEST		Get one game by Id	1635749927793	1635749927798	OK	 
REQUEST		Delete a game	1635749927807	1635749927810	OK	 
REQUEST		Get all games	1635749927821	1635749927824	OK	 
USER	Full Journey Script	START	1635749928271
REQUEST		Get all games	1635749928271	1635749928275	OK	 
REQUEST		Add a new game 	1635749928278	1635749928283	OK	 
REQUEST		Get one game by Id	1635749928287	1635749928291	OK	 
REQUEST		Delete a game	1635749928291	1635749928295	OK	 
REQUEST		Get all games	1635749928305	1635749928308	OK	 
USER	Full Journey Script	START	1635749928774
REQUEST		Get all games	1635749928774	1635749928782	OK	 
REQUEST		Add a new game 	1635749928777	1635749928784	OK	 
REQUEST		Get one game by Id	1635749928786	1635749928791	OK	 
REQUEST		Delete a game	1635749928802	1635749928810	OK	 
REQUEST		Get all games	1635749928813	1635749928817	OK	 
USER	Full Journey Script	START	1635749929274
REQUEST		Get all games	1635749929274	1635749929279	OK	 
REQUEST		Add a new game 	1635749929278	1635749929284	OK	 
REQUEST		Get one game by Id	1635749929286	1635749929292	OK	 
REQUEST		Delete a game	1635749929299	1635749929303	OK	 
REQUEST		Get all games	1635749929314	1635749929320	OK	 
USER	Full Journey Script	END	1635749929707
USER	Full Journey Script	END	1635749929707
USER	Full Journey Script	END	1635749929718
USER	Full Journey Script	END	1635749929718
USER	Full Journey Script	END	1635749929718
USER	Full Journey Script	END	1635749929718
USER	Full Journey Script	END	1635749929729
USER	Full Journey Script	END	1635749929729
USER	Full Journey Script	END	1635749929742
USER	Full Journey Script	END	1635749929742
USER	Full Journey Script	END	1635749929745
USER	Full Journey Script	END	1635749929745
USER	Full Journey Script	END	1635749929751
USER	Full Journey Script	END	1635749929751
USER	Full Journey Script	END	1635749929766
USER	Full Journey Script	END	1635749929766
USER	Full Journey Script	END	1635749929766
USER	Full Journey Script	END	1635749929766
USER	Full Journey Script	START	1635749929769
REQUEST		Get all games	1635749929769	1635749929775	OK	 
USER	Full Journey Script	END	1635749929780
USER	Full Journey Script	END	1635749929784
USER	Full Journey Script	END	1635749929784
REQUEST		Add a new game 	1635749929792	1635749929804	OK	 
REQUEST		Get one game by Id	1635749929793	1635749929807	OK	 
REQUEST		Delete a game	1635749929802	1635749929811	OK	 
REQUEST		Get all games	1635749929814	1635749929818	OK	 
USER	Full Journey Script	END	1635749929830
USER	Full Journey Script	START	1635749930273
REQUEST		Get all games	1635749930273	1635749930279	OK	 
REQUEST		Add a new game 	1635749930279	1635749930284	OK	 
REQUEST		Get one game by Id	1635749930284	1635749930288	OK	 
REQUEST		Delete a game	1635749930295	1635749930301	OK	 
REQUEST		Get all games	1635749930300	1635749930305	OK	 
USER	Full Journey Script	END	1635749930313
USER	Full Journey Script	START	1635749930774
REQUEST		Get all games	1635749930774	1635749930779	OK	 
REQUEST		Get one game by Id	1635749930787	1635749930794	OK	 
REQUEST		Add a new game 	1635749930787	1635749930795	OK	 
REQUEST		Delete a game	1635749930795	1635749930799	OK	 
REQUEST		Get all games	1635749930814	1635749930818	OK	 
USER	Full Journey Script	END	1635749930822
USER	Full Journey Script	START	1635749931272
REQUEST		Get all games	1635749931273	1635749931276	OK	 
REQUEST		Add a new game 	1635749931282	1635749931285	OK	 
REQUEST		Get one game by Id	1635749931289	1635749931292	OK	 
REQUEST		Delete a game	1635749931298	1635749931302	OK	 
REQUEST		Get all games	1635749931308	1635749931313	OK	 
USER	Full Journey Script	END	1635749931321
USER	Full Journey Script	START	1635749931771
REQUEST		Get all games	1635749931771	1635749931777	OK	 
REQUEST		Add a new game 	1635749931779	1635749931785	OK	 
REQUEST		Get one game by Id	1635749931809	1635749931813	OK	 
REQUEST		Delete a game	1635749931810	1635749931814	OK	 
REQUEST		Get all games	1635749931814	1635749931817	OK	 
USER	Full Journey Script	END	1635749931824
USER	Full Journey Script	START	1635749932271
REQUEST		Get all games	1635749932271	1635749932275	OK	 
REQUEST		Add a new game 	1635749932284	1635749932289	OK	 
REQUEST		Get one game by Id	1635749932285	1635749932290	OK	 
REQUEST		Delete a game	1635749932290	1635749932293	OK	 
USER	Full Journey Script	END	1635749932306
REQUEST		Get all games	1635749932304	1635749932307	OK	 
USER	Full Journey Script	START	1635749932772
REQUEST		Get all games	1635749932772	1635749932779	OK	 
REQUEST		Add a new game 	1635749932785	1635749932792	OK	 
REQUEST		Delete a game	1635749932799	1635749932804	OK	 
REQUEST		Get one game by Id	1635749932799	1635749932806	OK	 
REQUEST		Get all games	1635749932803	1635749932811	OK	 
USER	Full Journey Script	END	1635749932823
USER	Full Journey Script	START	1635749933273
REQUEST		Get all games	1635749933273	1635749933276	OK	 
REQUEST		Add a new game 	1635749933280	1635749933284	OK	 
REQUEST		Get one game by Id	1635749933287	1635749933290	OK	 
REQUEST		Delete a game	1635749933297	1635749933300	OK	 
REQUEST		Get all games	1635749933307	1635749933311	OK	 
USER	Full Journey Script	END	1635749933318
USER	Full Journey Script	START	1635749933775
REQUEST		Get all games	1635749933775	1635749933779	OK	 
REQUEST		Add a new game 	1635749933782	1635749933786	OK	 
REQUEST		Get one game by Id	1635749933791	1635749933795	OK	 
REQUEST		Delete a game	1635749933817	1635749933820	OK	 
USER	Full Journey Script	END	1635749933821
REQUEST		Get all games	1635749933820	1635749933825	OK	 
USER	Full Journey Script	START	1635749934269
REQUEST		Get all games	1635749934270	1635749934276	OK	 
REQUEST		Add a new game 	1635749934276	1635749934280	OK	 
REQUEST		Delete a game	1635749934294	1635749934301	OK	 
REQUEST		Get all games	1635749934294	1635749934302	OK	 
REQUEST		Get one game by Id	1635749934294	1635749934303	OK	 
USER	Full Journey Script	END	1635749934310
USER	Full Journey Script	START	1635749934772
REQUEST		Get all games	1635749934772	1635749934776	OK	 
REQUEST		Add a new game 	1635749934784	1635749934789	OK	 
REQUEST		Get one game by Id	1635749934794	1635749934797	OK	 
REQUEST		Get all games	1635749934805	1635749934810	OK	 
USER	Full Journey Script	END	1635749934813
REQUEST		Delete a game	1635749934811	1635749934815	OK	 
USER	Full Journey Script	START	1635749935270
REQUEST		Get all games	1635749935270	1635749935275	OK	 
REQUEST		Add a new game 	1635749935281	1635749935284	OK	 
REQUEST		Get one game by Id	1635749935288	1635749935291	OK	 
REQUEST		Delete a game	1635749935293	1635749935296	OK	 
REQUEST		Get all games	1635749935303	1635749935307	OK	 
USER	Full Journey Script	END	1635749935316
USER	Full Journey Script	START	1635749935771
REQUEST		Get all games	1635749935772	1635749935775	OK	 
REQUEST		Add a new game 	1635749935785	1635749935790	OK	 
REQUEST		Get one game by Id	1635749935791	1635749935795	OK	 
REQUEST		Delete a game	1635749935800	1635749935803	OK	 
REQUEST		Get all games	1635749935823	1635749935826	OK	 
USER	Full Journey Script	END	1635749935828
USER	Full Journey Script	START	1635749936274
REQUEST		Get all games	1635749936274	1635749936279	OK	 
REQUEST		Add a new game 	1635749936277	1635749936284	OK	 
REQUEST		Get one game by Id	1635749936286	1635749936290	OK	 
USER	Full Journey Script	END	1635749936306
REQUEST		Get all games	1635749936305	1635749936312	OK	 
REQUEST		Delete a game	1635749936309	1635749936316	OK	 
USER	Full Journey Script	START	1635749936774
REQUEST		Get all games	1635749936774	1635749936779	OK	 
REQUEST		Add a new game 	1635749936778	1635749936782	OK	 
REQUEST		Get one game by Id	1635749936795	1635749936800	OK	 
REQUEST		Delete a game	1635749936802	1635749936805	OK	 
USER	Full Journey Script	END	1635749936816
REQUEST		Get all games	1635749936817	1635749936820	OK	 
USER	Full Journey Script	START	1635749937274
REQUEST		Get all games	1635749937274	1635749937278	OK	 
REQUEST		Add a new game 	1635749937277	1635749937282	OK	 
REQUEST		Get one game by Id	1635749937289	1635749937292	OK	 
REQUEST		Delete a game	1635749937295	1635749937300	OK	 
REQUEST		Get all games	1635749937301	1635749937305	OK	 
USER	Full Journey Script	END	1635749937311
USER	Full Journey Script	START	1635749937771
REQUEST		Get all games	1635749937771	1635749937776	OK	 
REQUEST		Add a new game 	1635749937777	1635749937780	OK	 
REQUEST		Get one game by Id	1635749937794	1635749937797	OK	 
REQUEST		Delete a game	1635749937800	1635749937803	OK	 
REQUEST		Get all games	1635749937808	1635749937811	OK	 
USER	Full Journey Script	END	1635749937829
USER	Full Journey Script	START	1635749938269
REQUEST		Get all games	1635749938269	1635749938273	OK	 
REQUEST		Add a new game 	1635749938283	1635749938287	OK	 
REQUEST		Get one game by Id	1635749938289	1635749938292	OK	 
REQUEST		Delete a game	1635749938295	1635749938298	OK	 
USER	Full Journey Script	END	1635749938315
REQUEST		Get all games	1635749938319	1635749938322	OK	 
USER	Full Journey Script	START	1635749938769
REQUEST		Get all games	1635749938770	1635749938773	OK	 
REQUEST		Add a new game 	1635749938782	1635749938787	OK	 
REQUEST		Get one game by Id	1635749938785	1635749938790	OK	 
REQUEST		Delete a game	1635749938803	1635749938807	OK	 
REQUEST		Get all games	1635749938810	1635749938813	OK	 
USER	Full Journey Script	END	1635749938823
REQUEST		Add a new game 	1635749939281	1635749939288	OK	 
REQUEST		Get one game by Id	1635749939283	1635749939289	OK	 
REQUEST		Delete a game	1635749939295	1635749939303	OK	 
USER	Full Journey Script	END	1635749939306
REQUEST		Get all games	1635749939305	1635749939310	OK	 
REQUEST		Add a new game 	1635749939778	1635749939782	OK	 
REQUEST		Get one game by Id	1635749939783	1635749939788	OK	 
REQUEST		Delete a game	1635749939803	1635749939807	OK	 
REQUEST		Get all games	1635749939806	1635749939809	OK	 
USER	Full Journey Script	END	1635749939811
REQUEST		Add a new game 	1635749940278	1635749940283	OK	 
REQUEST		Get one game by Id	1635749940292	1635749940296	OK	 
REQUEST		Delete a game	1635749940294	1635749940297	OK	 
REQUEST		Get all games	1635749940304	1635749940306	OK	 
USER	Full Journey Script	END	1635749940325
REQUEST		Add a new game 	1635749940779	1635749940783	OK	 
REQUEST		Get one game by Id	1635749940792	1635749940796	OK	 
REQUEST		Delete a game	1635749940793	1635749940797	OK	 
REQUEST		Get all games	1635749940811	1635749940815	OK	 
USER	Full Journey Script	END	1635749940817
REQUEST		Get one game by Id	1635749941290	1635749941293	OK	 
REQUEST		Delete a game	1635749941297	1635749941301	OK	 
USER	Full Journey Script	END	1635749941312
REQUEST		Get all games	1635749941307	1635749941312	OK	 
REQUEST		Get one game by Id	1635749941785	1635749941788	OK	 
REQUEST		Delete a game	1635749941793	1635749941797	OK	 
USER	Full Journey Script	END	1635749941815
REQUEST		Get all games	1635749941811	1635749941815	OK	 
REQUEST		Get one game by Id	1635749942286	1635749942290	OK	 
REQUEST		Delete a game	1635749942301	1635749942307	OK	 
REQUEST		Get all games	1635749942302	1635749942307	OK	 
USER	Full Journey Script	END	1635749942311
REQUEST		Get one game by Id	1635749942783	1635749942787	OK	 
REQUEST		Delete a game	1635749942798	1635749942802	OK	 
REQUEST		Get all games	1635749942798	1635749942802	OK	 
USER	Full Journey Script	END	1635749942817
REQUEST		Delete a game	1635749943300	1635749943304	OK	 
REQUEST		Get all games	1635749943303	1635749943309	OK	 
USER	Full Journey Script	END	1635749943315
REQUEST		Delete a game	1635749943789	1635749943793	OK	 
REQUEST		Get all games	1635749943802	1635749943805	OK	 
USER	Full Journey Script	END	1635749943816
REQUEST		Delete a game	1635749944293	1635749944296	OK	 
USER	Full Journey Script	END	1635749944311
REQUEST		Get all games	1635749944310	1635749944313	OK	 
REQUEST		Delete a game	1635749944791	1635749944794	OK	 
USER	Full Journey Script	END	1635749944802
REQUEST		Get all games	1635749944802	1635749944805	OK	 
REQUEST		Get all games	1635749945310	1635749945314	OK	 
USER	Full Journey Script	END	1635749945315
REQUEST		Get all games	1635749945799	1635749945802	OK	 
USER	Full Journey Script	END	1635749945807
REQUEST		Get all games	1635749946298	1635749946302	OK	 
USER	Full Journey Script	END	1635749946318
REQUEST		Get all games	1635749946796	1635749946800	OK	 
USER	Full Journey Script	END	1635749946807
USER	Full Journey Script	END	1635749947316
USER	Full Journey Script	END	1635749947803
USER	Full Journey Script	END	1635749948304
USER	Full Journey Script	END	1635749948805
